<?xml version="1.0" encoding="UTF-8"?>
<!-- Generated by org.testng.reporters.JUnitXMLReporter -->
<testsuite ignored="0" hostname="Umesha-K" failures="0" tests="1" name="Surefire test" time="0.028" errors="0" timestamp="2023-05-05T16:22:21 IST">
  <testcase classname="Generic_Utility.Baseclass" name="@BeforeClass BC" time="0.001">
    <failure type="java.io.FileNotFoundException" message=".\src\test\resources\PropertyFileData.properties (The system cannot find the file specified)">
      <![CDATA[java.io.FileNotFoundException: .\src\test\resources\PropertyFileData.properties (The system cannot find the file specified)
at java.base/java.io.FileInputStream.open0(Native Method)
at java.base/java.io.FileInputStream.open(FileInputStream.java:219)
at java.base/java.io.FileInputStream.<init>(FileInputStream.java:157)
at java.base/java.io.FileInputStream.<init>(FileInputStream.java:112)
at Generic_Utility.Property_Utility.getKeyValue(Property_Utility.java:18)
at Generic_Utility.Baseclass.BC(Baseclass.java:43)
at java.base/java.util.ArrayList.forEach(ArrayList.java:1541)
... Removed 30 stack frames]]>
    </failure>
  </testcase> <!-- @BeforeClass BC -->
  <testcase classname="Generic_Utility.Baseclass" name="@BeforeMethod BM" time="-1.683283941256E9">
    <skipped/>
  </testcase> <!-- @BeforeMethod BM -->
  <testcase classname="Generic_Utility.Baseclass" name="@AfterMethod AM" time="-1.683283941258E9">
    <skipped/>
  </testcase> <!-- @AfterMethod AM -->
  <testcase classname="Generic_Utility.Baseclass" name="@AfterClass AC" time="-1.683283941258E9">
    <skipped/>
  </testcase> <!-- @AfterClass AC -->
  <testcase classname="Practice.DemoTest" name="method" time="0.0">
    <skipped/>
  </testcase> <!-- method -->
</testsuite> <!-- Surefire test -->
